2023-07-04 00:23:45,875 0x3a834c3eca1a33f5a4e73698bcf042768f3dbfee: 10 checking
2023-07-04 00:23:46,877 0x5ca887615098c6b7409f18502f57538205c768d9:10 checking
2023-07-04 00:23:47,878 0xc119ada4a8e6d2230304909e4b7f7ed75d2221f5: 5 checking
2023-07-04 00:23:48,878 0xef7ed29516bdeff0076d81a02f28ce4f84a9bec3: 10 checking
2023-07-04 00:23:49,878 0xad94bd19cd23e3390c62fda595c175c4fffdaa68: 5 checking
2023-07-04 00:23:50,879 0x203950042fe302c42c28b9c96541757072ad172b:10 checking
2023-07-04 00:24:25,479 0xaCA93F003ee84D42BEb18882Da5e0ba23aD06881: 0 checking
2023-07-04 00:24:26,480 0xc1fb91068526a87b79c75097a1032b8d70ba393c: 0 checking
2023-07-04 00:24:27,481 0x0c6080b2fe8a215d4bc5ee7e8fc1e6768c47b9ad:10 checking
2023-07-04 00:24:28,482 0xad94bd19cd23e3390c62fda595c175c4fffdaa68: 5 checking
2023-07-04 00:24:29,482 0x5ca887615098c6b7409f18502f57538205c768d9:10 checking
2023-07-04 00:24:30,483 0xef7ed29516bdeff0076d81a02f28ce4f84a9bec3: 10 checking
2023-07-04 00:24:31,484 0xacce55c3def1f9af8fdfb9a6c4a1b249063c09ff:10 checking
2023-07-04 00:24:32,484 0x203950042fe302c42c28b9c96541757072ad172b:10 checking
2023-07-04 00:24:33,484 0xbdc371e089f9fb9e68111a1634e1569a26797322:8 checking
2023-07-04 00:24:34,485 0x3e57efef507b4db7acfa2ee79ceca6b19e18d106: 0xSun checking
2023-07-04 00:24:35,486 0xea14cde8d7cb82681e11582a7f5d851fab7a34a8:8 checking
2023-07-04 00:24:36,486 0xc119ada4a8e6d2230304909e4b7f7ed75d2221f5: 5 checking
2023-07-04 00:24:37,487 0x3a834c3eca1a33f5a4e73698bcf042768f3dbfee: 10 checking
2023-07-04 00:24:38,488 0x062ce81d3fb56a68d9980267ae0a3254a83cc95e: 10 checking
2023-07-04 00:24:39,488 0x4ef45ea052eeab1631dca09d28946fe8e17633b5: 5 checking
2023-07-04 00:25:17,838 0xacce55c3def1f9af8fdfb9a6c4a1b249063c09ff:10 checking
2023-07-04 00:25:18,839 0x062ce81d3fb56a68d9980267ae0a3254a83cc95e: 10 checking
2023-07-04 00:25:19,839 0xad94bd19cd23e3390c62fda595c175c4fffdaa68: 5 checking
2023-07-04 00:25:20,840 0x5ca887615098c6b7409f18502f57538205c768d9:10 checking
2023-07-04 00:25:21,841 0x3a834c3eca1a33f5a4e73698bcf042768f3dbfee: 10 checking
2023-07-04 00:25:22,841 0x0c6080b2fe8a215d4bc5ee7e8fc1e6768c47b9ad:10 checking
2023-07-04 00:25:23,842 0xef7ed29516bdeff0076d81a02f28ce4f84a9bec3: 10 checking
2023-07-04 00:25:24,842 0xbdc371e089f9fb9e68111a1634e1569a26797322:8 checking
2023-07-04 00:25:25,843 0x3e57efef507b4db7acfa2ee79ceca6b19e18d106: 0xSun checking
2023-07-04 00:25:26,843 0x203950042fe302c42c28b9c96541757072ad172b:10 checking
2023-07-04 00:25:27,844 0xea14cde8d7cb82681e11582a7f5d851fab7a34a8:8 checking
2023-07-04 00:25:28,845 0xc1fb91068526a87b79c75097a1032b8d70ba393c: 0 checking
2023-07-04 00:25:29,846 0x4ef45ea052eeab1631dca09d28946fe8e17633b5: 5 checking
2023-07-04 00:25:30,846 0xaCA93F003ee84D42BEb18882Da5e0ba23aD06881: 0 checking
2023-07-04 00:25:31,848 0xc119ada4a8e6d2230304909e4b7f7ed75d2221f5: 5 checking
2023-07-04 00:26:01,849 0xacce55c3def1f9af8fdfb9a6c4a1b249063c09ff:10 checking
2023-07-04 00:26:01,850 0x062ce81d3fb56a68d9980267ae0a3254a83cc95e: 10 checking
2023-07-04 00:26:01,850 0xad94bd19cd23e3390c62fda595c175c4fffdaa68: 5 checking
2023-07-04 00:26:01,850 0x5ca887615098c6b7409f18502f57538205c768d9:10 checking
2023-07-04 00:26:01,851 0x3a834c3eca1a33f5a4e73698bcf042768f3dbfee: 10 checking
2023-07-04 00:26:01,851 0x0c6080b2fe8a215d4bc5ee7e8fc1e6768c47b9ad:10 checking
2023-07-04 00:26:01,851 0xef7ed29516bdeff0076d81a02f28ce4f84a9bec3: 10 checking
2023-07-04 00:26:01,851 0xbdc371e089f9fb9e68111a1634e1569a26797322:8 checking
2023-07-04 00:26:01,851 0x3e57efef507b4db7acfa2ee79ceca6b19e18d106: 0xSun checking
2023-07-04 00:26:01,852 0x203950042fe302c42c28b9c96541757072ad172b:10 checking
2023-07-04 00:26:01,852 0xea14cde8d7cb82681e11582a7f5d851fab7a34a8:8 checking
2023-07-04 00:26:01,852 0xc1fb91068526a87b79c75097a1032b8d70ba393c: 0 checking
2023-07-04 00:26:01,852 0x4ef45ea052eeab1631dca09d28946fe8e17633b5: 5 checking
2023-07-04 00:26:01,852 0xaCA93F003ee84D42BEb18882Da5e0ba23aD06881: 0 checking
2023-07-04 00:26:01,852 0xc119ada4a8e6d2230304909e4b7f7ed75d2221f5: 5 checking
2023-07-04 00:26:46,054 0xc119ada4a8e6d2230304909e4b7f7ed75d2221f5: 5 checking
2023-07-04 00:26:47,055 0x062ce81d3fb56a68d9980267ae0a3254a83cc95e: 10 checking
2023-07-04 00:26:48,056 0xc1fb91068526a87b79c75097a1032b8d70ba393c: 0 checking
2023-07-04 00:26:49,057 0x203950042fe302c42c28b9c96541757072ad172b:10 checking
2023-07-04 00:26:50,057 0x0c6080b2fe8a215d4bc5ee7e8fc1e6768c47b9ad:10 checking
2023-07-04 00:26:51,058 0xad94bd19cd23e3390c62fda595c175c4fffdaa68: 5 checking
2023-07-04 00:26:52,059 0xea14cde8d7cb82681e11582a7f5d851fab7a34a8:8 checking
2023-07-04 00:26:53,059 0xacce55c3def1f9af8fdfb9a6c4a1b249063c09ff:10 checking
2023-07-04 00:26:54,060 0x5ca887615098c6b7409f18502f57538205c768d9:10 checking
2023-07-04 00:26:55,061 0x3a834c3eca1a33f5a4e73698bcf042768f3dbfee: 10 checking
2023-07-04 00:26:56,062 0x4ef45ea052eeab1631dca09d28946fe8e17633b5: 5 checking
2023-07-04 00:26:57,063 0xaCA93F003ee84D42BEb18882Da5e0ba23aD06881: 0 checking
2023-07-04 00:26:58,064 0x3e57efef507b4db7acfa2ee79ceca6b19e18d106: 0xSun checking
2023-07-04 00:26:59,064 0xbdc371e089f9fb9e68111a1634e1569a26797322:8 checking
2023-07-04 00:27:00,064 0xef7ed29516bdeff0076d81a02f28ce4f84a9bec3: 10 checking
2023-07-04 00:27:30,068 0xc119ada4a8e6d2230304909e4b7f7ed75d2221f5: 5 checking
2023-07-04 00:27:30,068 0x062ce81d3fb56a68d9980267ae0a3254a83cc95e: 10 checking
2023-07-04 00:27:30,069 0xc1fb91068526a87b79c75097a1032b8d70ba393c: 0 checking
2023-07-04 00:27:30,069 0x203950042fe302c42c28b9c96541757072ad172b:10 checking
2023-07-04 00:27:30,069 0x0c6080b2fe8a215d4bc5ee7e8fc1e6768c47b9ad:10 checking
2023-07-04 00:27:30,069 0xad94bd19cd23e3390c62fda595c175c4fffdaa68: 5 checking
2023-07-04 00:27:30,069 0xea14cde8d7cb82681e11582a7f5d851fab7a34a8:8 checking
2023-07-04 00:27:30,069 0xacce55c3def1f9af8fdfb9a6c4a1b249063c09ff:10 checking
2023-07-04 00:27:30,070 0x5ca887615098c6b7409f18502f57538205c768d9:10 checking
2023-07-04 00:27:30,070 0x3a834c3eca1a33f5a4e73698bcf042768f3dbfee: 10 checking
2023-07-04 00:27:30,070 0x4ef45ea052eeab1631dca09d28946fe8e17633b5: 5 checking
2023-07-04 00:27:30,070 0xaCA93F003ee84D42BEb18882Da5e0ba23aD06881: 0 checking
2023-07-04 00:27:30,070 0x3e57efef507b4db7acfa2ee79ceca6b19e18d106: 0xSun checking
2023-07-04 00:27:30,070 0xbdc371e089f9fb9e68111a1634e1569a26797322:8 checking
2023-07-04 00:27:30,070 0xef7ed29516bdeff0076d81a02f28ce4f84a9bec3: 10 checking
2023-07-04 00:28:27,169 0xbdc371e089f9fb9e68111a1634e1569a26797322:8 checking
2023-07-04 00:28:28,170 0x4ef45ea052eeab1631dca09d28946fe8e17633b5: 5 checking
2023-07-04 00:28:29,171 0x062ce81d3fb56a68d9980267ae0a3254a83cc95e: 10 checking
2023-07-04 00:28:30,172 0xef7ed29516bdeff0076d81a02f28ce4f84a9bec3: 10 checking
2023-07-04 00:28:31,173 0x3a834c3eca1a33f5a4e73698bcf042768f3dbfee: 10 checking
2023-07-04 00:33:50,546 eth:0xacce55c3def1f9af8fdfb9a6c4a1b249063c09ff:10 checking
2023-07-04 00:33:51,547 eth:0x5ca887615098c6b7409f18502f57538205c768d9:10 checking
2023-07-04 00:33:52,548 eth:0xef7ed29516bdeff0076d81a02f28ce4f84a9bec3: 10 checking
2023-07-04 00:33:53,549 eth:0xea14cde8d7cb82681e11582a7f5d851fab7a34a8:8 checking
2023-07-04 00:33:54,550 eth:0xc1fb91068526a87b79c75097a1032b8d70ba393c: 0 checking
2023-07-04 00:33:55,551 eth:0x4ef45ea052eeab1631dca09d28946fe8e17633b5: 5 checking
2023-07-04 00:33:56,552 eth:0xc119ada4a8e6d2230304909e4b7f7ed75d2221f5: 5 checking
2023-07-04 00:33:57,553 eth:0x3e57efef507b4db7acfa2ee79ceca6b19e18d106: 0xSun checking
2023-07-04 00:33:58,554 eth:0x0c6080b2fe8a215d4bc5ee7e8fc1e6768c47b9ad:10 checking
2023-07-04 00:33:59,554 eth:0x3a834c3eca1a33f5a4e73698bcf042768f3dbfee: 10 checking
2023-07-04 00:34:00,555 eth:0xaCA93F003ee84D42BEb18882Da5e0ba23aD06881: 0 checking
2023-07-04 00:34:01,555 eth:0xbdc371e089f9fb9e68111a1634e1569a26797322:8 checking
2023-07-04 00:34:02,556 eth:0xad94bd19cd23e3390c62fda595c175c4fffdaa68: 5 checking
2023-07-04 00:34:03,556 eth:0x062ce81d3fb56a68d9980267ae0a3254a83cc95e: 10 checking
2023-07-04 00:34:04,558 eth:0x203950042fe302c42c28b9c96541757072ad172b:10 checking
2023-07-04 00:34:34,561 eth:0xacce55c3def1f9af8fdfb9a6c4a1b249063c09ff:10 checking
2023-07-04 00:34:34,561 eth:0x5ca887615098c6b7409f18502f57538205c768d9:10 checking
2023-07-04 00:34:34,562 eth:0xef7ed29516bdeff0076d81a02f28ce4f84a9bec3: 10 checking
2023-07-04 00:34:34,562 eth:0xea14cde8d7cb82681e11582a7f5d851fab7a34a8:8 checking
2023-07-04 00:34:34,562 eth:0xc1fb91068526a87b79c75097a1032b8d70ba393c: 0 checking
2023-07-04 00:34:34,562 eth:0x4ef45ea052eeab1631dca09d28946fe8e17633b5: 5 checking
2023-07-04 00:34:34,562 eth:0xc119ada4a8e6d2230304909e4b7f7ed75d2221f5: 5 checking
2023-07-04 00:34:34,562 eth:0x3e57efef507b4db7acfa2ee79ceca6b19e18d106: 0xSun checking
2023-07-04 00:34:34,562 eth:0x0c6080b2fe8a215d4bc5ee7e8fc1e6768c47b9ad:10 checking
2023-07-04 00:34:34,562 eth:0x3a834c3eca1a33f5a4e73698bcf042768f3dbfee: 10 checking
2023-07-04 00:34:34,563 eth:0xaCA93F003ee84D42BEb18882Da5e0ba23aD06881: 0 checking
2023-07-04 00:34:34,563 eth:0xbdc371e089f9fb9e68111a1634e1569a26797322:8 checking
2023-07-04 00:34:34,563 eth:0xad94bd19cd23e3390c62fda595c175c4fffdaa68: 5 checking
2023-07-04 00:34:34,563 eth:0x062ce81d3fb56a68d9980267ae0a3254a83cc95e: 10 checking
2023-07-04 00:34:34,563 eth:0x203950042fe302c42c28b9c96541757072ad172b:10 checking
2023-07-04 00:35:03,693 eth:0xc119ada4a8e6d2230304909e4b7f7ed75d2221f5: 5 checking
2023-07-04 00:35:04,695 eth:0xef7ed29516bdeff0076d81a02f28ce4f84a9bec3: 10 checking
2023-07-04 00:35:05,696 eth:0x5ca887615098c6b7409f18502f57538205c768d9:10 checking
2023-07-04 00:35:06,697 eth:0xc1fb91068526a87b79c75097a1032b8d70ba393c: 0 checking
2023-07-04 00:35:07,698 eth:0xaCA93F003ee84D42BEb18882Da5e0ba23aD06881: 0 checking
2023-07-04 00:35:41,920 eth:0x3e57efef507b4db7acfa2ee79ceca6b19e18d106: 0xSun checking
2023-07-04 00:35:42,921 eth:0xad94bd19cd23e3390c62fda595c175c4fffdaa68: 5 checking
2023-07-04 00:35:43,922 eth:0xaCA93F003ee84D42BEb18882Da5e0ba23aD06881: 0 checking
2023-07-04 00:35:44,922 eth:0x5ca887615098c6b7409f18502f57538205c768d9:10 checking
2023-07-04 00:35:45,923 eth:0xc119ada4a8e6d2230304909e4b7f7ed75d2221f5: 5 checking
2023-07-04 00:36:12,784 eth:0x062ce81d3fb56a68d9980267ae0a3254a83cc95e: 10 checking
2023-07-04 00:36:12,785 eth:0xc1fb91068526a87b79c75097a1032b8d70ba393c: 0 checking
2023-07-04 00:36:12,787 eth:0xef7ed29516bdeff0076d81a02f28ce4f84a9bec3: 10 checking
2023-07-04 00:36:12,788 eth:0xbdc371e089f9fb9e68111a1634e1569a26797322:8 checking
2023-07-04 00:36:12,789 eth:0x3a834c3eca1a33f5a4e73698bcf042768f3dbfee: 10 checking
2023-07-04 00:36:38,666 eth:0x0c6080b2fe8a215d4bc5ee7e8fc1e6768c47b9ad:10 checking
2023-07-04 00:36:40,350 eth:0xacce55c3def1f9af8fdfb9a6c4a1b249063c09ff:10 checking
2023-07-04 00:36:40,352 eth:0xea14cde8d7cb82681e11582a7f5d851fab7a34a8:8 checking
2023-07-04 00:36:40,353 eth:0x203950042fe302c42c28b9c96541757072ad172b:10 checking
2023-07-04 00:36:40,357 eth:0x4ef45ea052eeab1631dca09d28946fe8e17633b5: 5 checking
2023-07-04 00:37:26,558 eth:0x3a834c3eca1a33f5a4e73698bcf042768f3dbfee: 10 checking
2023-07-04 00:37:27,558 eth:0x062ce81d3fb56a68d9980267ae0a3254a83cc95e: 10 checking
2023-07-04 00:37:28,559 eth:0x203950042fe302c42c28b9c96541757072ad172b:10 checking
2023-07-04 00:37:29,560 eth:0xaCA93F003ee84D42BEb18882Da5e0ba23aD06881: 0 checking
2023-07-04 00:37:30,561 eth:0x5ca887615098c6b7409f18502f57538205c768d9:10 checking
2023-07-04 00:37:31,562 eth:0xef7ed29516bdeff0076d81a02f28ce4f84a9bec3: 10 checking
2023-07-04 00:37:32,563 eth:0x0c6080b2fe8a215d4bc5ee7e8fc1e6768c47b9ad:10 checking
2023-07-04 00:37:33,564 eth:0xea14cde8d7cb82681e11582a7f5d851fab7a34a8:8 checking
2023-07-04 00:37:34,565 eth:0xc119ada4a8e6d2230304909e4b7f7ed75d2221f5: 5 checking
2023-07-04 00:37:35,566 eth:0xacce55c3def1f9af8fdfb9a6c4a1b249063c09ff:10 checking
2023-07-04 00:37:36,566 eth:0xc1fb91068526a87b79c75097a1032b8d70ba393c: 0 checking
2023-07-04 00:37:37,568 eth:0xad94bd19cd23e3390c62fda595c175c4fffdaa68: 5 checking
2023-07-04 00:37:38,569 eth:0x3e57efef507b4db7acfa2ee79ceca6b19e18d106: 0xSun checking
2023-07-04 00:37:39,569 eth:0xbdc371e089f9fb9e68111a1634e1569a26797322:8 checking
2023-07-04 00:37:40,570 eth:0x4ef45ea052eeab1631dca09d28946fe8e17633b5: 5 checking
2023-07-04 00:40:19,789 eth:0xad94bd19cd23e3390c62fda595c175c4fffdaa68: 5 checking
2023-07-04 00:40:20,790 eth:0xacce55c3def1f9af8fdfb9a6c4a1b249063c09ff:10 checking
2023-07-04 00:40:21,791 eth:0xef7ed29516bdeff0076d81a02f28ce4f84a9bec3: 10 checking
2023-07-04 00:40:22,777 [2023-07-04 00:40:22] Error fetching transactions for 0xad94bd19cd23e3390c62fda595c175c4fffdaa68 on ETH blockchain: {'status': '0', 'message': 'NOTOK', 'result': 'Invalid API Key'}
2023-07-04 00:40:22,792 eth:0xc119ada4a8e6d2230304909e4b7f7ed75d2221f5: 5 checking
2023-07-04 00:40:23,271 [2023-07-04 00:40:23] Error fetching transactions for 0xacce55c3def1f9af8fdfb9a6c4a1b249063c09ff on ETH blockchain: {'status': '0', 'message': 'NOTOK', 'result': 'Invalid API Key'}
2023-07-04 00:40:23,792 eth:0xbdc371e089f9fb9e68111a1634e1569a26797322:8 checking
2023-07-04 00:40:24,236 [2023-07-04 00:40:24] Error fetching transactions for 0xef7ed29516bdeff0076d81a02f28ce4f84a9bec3 on ETH blockchain: {'status': '0', 'message': 'NOTOK', 'result': 'Invalid API Key'}
2023-07-04 00:40:24,793 eth:0x3a834c3eca1a33f5a4e73698bcf042768f3dbfee: 10 checking
2023-07-04 00:40:25,407 [2023-07-04 00:40:25] Error fetching transactions for 0xc119ada4a8e6d2230304909e4b7f7ed75d2221f5 on ETH blockchain: {'status': '0', 'message': 'NOTOK', 'result': 'Invalid API Key'}
2023-07-04 00:40:25,794 eth:0xaCA93F003ee84D42BEb18882Da5e0ba23aD06881: 0 checking
2023-07-04 00:40:26,795 eth:0x0c6080b2fe8a215d4bc5ee7e8fc1e6768c47b9ad:10 checking
2023-07-04 00:40:27,068 [2023-07-04 00:40:27] Error fetching transactions for 0xbdc371e089f9fb9e68111a1634e1569a26797322 on ETH blockchain: {'status': '0', 'message': 'NOTOK', 'result': 'Invalid API Key'}
2023-07-04 00:40:27,100 [2023-07-04 00:40:27] Error fetching transactions for 0x3a834c3eca1a33f5a4e73698bcf042768f3dbfee on ETH blockchain: {'status': '0', 'message': 'NOTOK', 'result': 'Too many invalid api key attempts, please try again later'}
2023-07-04 00:40:27,796 eth:0x5ca887615098c6b7409f18502f57538205c768d9:10 checking
2023-07-04 00:40:28,098 [2023-07-04 00:40:28] Error fetching transactions for 0xaCA93F003ee84D42BEb18882Da5e0ba23aD06881 on ETH blockchain: {'status': '0', 'message': 'NOTOK', 'result': 'Too many invalid api key attempts, please try again later'}
2023-07-04 00:40:28,797 eth:0xc1fb91068526a87b79c75097a1032b8d70ba393c: 0 checking
2023-07-04 00:40:28,975 [2023-07-04 00:40:28] Error fetching transactions for 0x0c6080b2fe8a215d4bc5ee7e8fc1e6768c47b9ad on ETH blockchain: {'status': '0', 'message': 'NOTOK', 'result': 'Too many invalid api key attempts, please try again later'}
2023-07-04 00:40:29,797 eth:0xea14cde8d7cb82681e11582a7f5d851fab7a34a8:8 checking
2023-07-04 00:40:30,374 [2023-07-04 00:40:30] Error fetching transactions for 0x5ca887615098c6b7409f18502f57538205c768d9 on ETH blockchain: {'status': '0', 'message': 'NOTOK', 'result': 'Too many invalid api key attempts, please try again later'}
2023-07-04 00:40:30,798 eth:0x062ce81d3fb56a68d9980267ae0a3254a83cc95e: 10 checking
2023-07-04 00:40:31,149 [2023-07-04 00:40:31] Error fetching transactions for 0xc1fb91068526a87b79c75097a1032b8d70ba393c on ETH blockchain: {'status': '0', 'message': 'NOTOK', 'result': 'Too many invalid api key attempts, please try again later'}
2023-07-04 00:40:31,798 eth:0x3e57efef507b4db7acfa2ee79ceca6b19e18d106: 0xSun checking
2023-07-04 00:40:32,156 [2023-07-04 00:40:32] Error fetching transactions for 0xea14cde8d7cb82681e11582a7f5d851fab7a34a8 on ETH blockchain: {'status': '0', 'message': 'NOTOK', 'result': 'Too many invalid api key attempts, please try again later'}
2023-07-04 00:40:32,799 eth:0x4ef45ea052eeab1631dca09d28946fe8e17633b5: 5 checking
2023-07-04 00:40:33,256 [2023-07-04 00:40:33] Error fetching transactions for 0x062ce81d3fb56a68d9980267ae0a3254a83cc95e on ETH blockchain: {'status': '0', 'message': 'NOTOK', 'result': 'Too many invalid api key attempts, please try again later'}
2023-07-04 00:40:33,799 eth:0x203950042fe302c42c28b9c96541757072ad172b:10 checking
2023-07-04 00:40:34,499 [2023-07-04 00:40:34] Error fetching transactions for 0x3e57efef507b4db7acfa2ee79ceca6b19e18d106 on ETH blockchain: {'status': '0', 'message': 'NOTOK', 'result': 'Too many invalid api key attempts, please try again later'}
2023-07-04 00:40:35,651 [2023-07-04 00:40:35] Error fetching transactions for 0x4ef45ea052eeab1631dca09d28946fe8e17633b5 on ETH blockchain: {'status': '0', 'message': 'NOTOK', 'result': 'Too many invalid api key attempts, please try again later'}
2023-07-04 00:59:51,449 eth:0x4ef45ea052eeab1631dca09d28946fe8e17633b5: 5 checking
2023-07-04 00:59:52,449 eth:0x203950042fe302c42c28b9c96541757072ad172b:10 checking
2023-07-04 00:59:53,450 eth:0x062ce81d3fb56a68d9980267ae0a3254a83cc95e: 10 checking
2023-07-04 00:59:54,451 eth:0x0c6080b2fe8a215d4bc5ee7e8fc1e6768c47b9ad:10 checking
2023-07-04 00:59:55,452 eth:0xacce55c3def1f9af8fdfb9a6c4a1b249063c09ff:10 checking
2023-07-04 00:59:56,793 eth:0xc119ada4a8e6d2230304909e4b7f7ed75d2221f5: 5 checking
2023-07-04 00:59:58,753 eth:0x3a834c3eca1a33f5a4e73698bcf042768f3dbfee: 10 checking
2023-07-04 00:59:59,478 eth:0x3e57efef507b4db7acfa2ee79ceca6b19e18d106: 0xSun checking
2023-07-04 01:00:00,677 eth:0xbdc371e089f9fb9e68111a1634e1569a26797322:8 checking
2023-07-04 01:00:02,596 eth:0xef7ed29516bdeff0076d81a02f28ce4f84a9bec3: 10 checking
2023-07-04 01:00:02,939 eth:0xaCA93F003ee84D42BEb18882Da5e0ba23aD06881: 0 checking
2023-07-04 01:00:04,570 eth:0xad94bd19cd23e3390c62fda595c175c4fffdaa68: 5 checking
2023-07-04 01:00:06,225 eth:0xea14cde8d7cb82681e11582a7f5d851fab7a34a8:8 checking
2023-07-04 01:00:07,691 eth:0xc1fb91068526a87b79c75097a1032b8d70ba393c: 0 checking
2023-07-04 01:00:08,130 eth:0x5ca887615098c6b7409f18502f57538205c768d9:10 checking
2023-07-04 01:00:48,592 eth:0x4ef45ea052eeab1631dca09d28946fe8e17633b5: 5 checking
2023-07-04 01:00:48,593 eth:0x203950042fe302c42c28b9c96541757072ad172b:10 checking
2023-07-04 01:00:48,594 eth:0x062ce81d3fb56a68d9980267ae0a3254a83cc95e: 10 checking
2023-07-04 01:00:48,596 eth:0x0c6080b2fe8a215d4bc5ee7e8fc1e6768c47b9ad:10 checking
2023-07-04 01:00:48,597 eth:0xacce55c3def1f9af8fdfb9a6c4a1b249063c09ff:10 checking
2023-07-04 01:00:51,064 eth:0xc119ada4a8e6d2230304909e4b7f7ed75d2221f5: 5 checking
2023-07-04 01:00:51,081 eth:0x3a834c3eca1a33f5a4e73698bcf042768f3dbfee: 10 checking
2023-07-04 01:00:51,106 eth:0x3e57efef507b4db7acfa2ee79ceca6b19e18d106: 0xSun checking
2023-07-04 01:00:51,127 eth:0xbdc371e089f9fb9e68111a1634e1569a26797322:8 checking
2023-07-04 01:00:51,146 eth:0xef7ed29516bdeff0076d81a02f28ce4f84a9bec3: 10 checking
2023-07-04 01:00:53,462 eth:0xaCA93F003ee84D42BEb18882Da5e0ba23aD06881: 0 checking
2023-07-04 01:00:53,465 eth:0xad94bd19cd23e3390c62fda595c175c4fffdaa68: 5 checking
2023-07-04 01:00:53,482 eth:0xea14cde8d7cb82681e11582a7f5d851fab7a34a8:8 checking
2023-07-04 01:00:53,520 eth:0xc1fb91068526a87b79c75097a1032b8d70ba393c: 0 checking
2023-07-04 01:00:53,537 eth:0x5ca887615098c6b7409f18502f57538205c768d9:10 checking
2023-07-04 01:01:13,933 eth:0x4ef45ea052eeab1631dca09d28946fe8e17633b5: 5 checking
2023-07-04 01:01:13,933 eth:0x203950042fe302c42c28b9c96541757072ad172b:10 checking
2023-07-04 01:01:13,934 eth:0x062ce81d3fb56a68d9980267ae0a3254a83cc95e: 10 checking
2023-07-04 01:01:13,935 eth:0x0c6080b2fe8a215d4bc5ee7e8fc1e6768c47b9ad:10 checking
2023-07-04 01:01:13,936 eth:0xacce55c3def1f9af8fdfb9a6c4a1b249063c09ff:10 checking
2023-07-04 01:01:16,141 eth:0xc119ada4a8e6d2230304909e4b7f7ed75d2221f5: 5 checking
2023-07-04 01:01:16,162 eth:0x3a834c3eca1a33f5a4e73698bcf042768f3dbfee: 10 checking
2023-07-04 01:01:16,180 eth:0x3e57efef507b4db7acfa2ee79ceca6b19e18d106: 0xSun checking
2023-07-04 01:01:16,198 eth:0xbdc371e089f9fb9e68111a1634e1569a26797322:8 checking
2023-07-04 01:01:17,130 eth:0xef7ed29516bdeff0076d81a02f28ce4f84a9bec3: 10 checking
2023-07-04 01:01:18,300 eth:0xaCA93F003ee84D42BEb18882Da5e0ba23aD06881: 0 checking
2023-07-04 01:01:18,321 eth:0xad94bd19cd23e3390c62fda595c175c4fffdaa68: 5 checking
2023-07-04 01:01:18,342 eth:0xea14cde8d7cb82681e11582a7f5d851fab7a34a8:8 checking
2023-07-04 01:01:18,360 eth:0xc1fb91068526a87b79c75097a1032b8d70ba393c: 0 checking
2023-07-04 01:01:19,275 eth:0x5ca887615098c6b7409f18502f57538205c768d9:10 checking
2023-07-04 01:01:36,024 eth:0x4ef45ea052eeab1631dca09d28946fe8e17633b5: 5 checking
2023-07-04 01:01:36,025 eth:0x203950042fe302c42c28b9c96541757072ad172b:10 checking
2023-07-04 01:01:36,027 eth:0x062ce81d3fb56a68d9980267ae0a3254a83cc95e: 10 checking
2023-07-04 01:01:36,028 eth:0x0c6080b2fe8a215d4bc5ee7e8fc1e6768c47b9ad:10 checking
2023-07-04 01:01:36,028 eth:0xacce55c3def1f9af8fdfb9a6c4a1b249063c09ff:10 checking
2023-07-04 01:01:38,172 eth:0xc119ada4a8e6d2230304909e4b7f7ed75d2221f5: 5 checking
2023-07-04 01:01:38,181 eth:0x3a834c3eca1a33f5a4e73698bcf042768f3dbfee: 10 checking
2023-07-04 01:01:38,193 eth:0x3e57efef507b4db7acfa2ee79ceca6b19e18d106: 0xSun checking
2023-07-04 01:01:38,210 eth:0xbdc371e089f9fb9e68111a1634e1569a26797322:8 checking
2023-07-04 01:01:38,216 eth:0xef7ed29516bdeff0076d81a02f28ce4f84a9bec3: 10 checking
2023-07-04 01:01:40,127 eth:0xaCA93F003ee84D42BEb18882Da5e0ba23aD06881: 0 checking
2023-07-04 01:01:40,143 eth:0xad94bd19cd23e3390c62fda595c175c4fffdaa68: 5 checking
2023-07-04 01:01:40,163 eth:0xea14cde8d7cb82681e11582a7f5d851fab7a34a8:8 checking
2023-07-04 01:01:40,193 eth:0xc1fb91068526a87b79c75097a1032b8d70ba393c: 0 checking
2023-07-04 01:01:40,344 eth:0x5ca887615098c6b7409f18502f57538205c768d9:10 checking
2023-07-04 01:01:56,331 eth:0x4ef45ea052eeab1631dca09d28946fe8e17633b5: 5 checking
2023-07-04 01:01:56,332 eth:0x203950042fe302c42c28b9c96541757072ad172b:10 checking
2023-07-04 01:01:56,333 eth:0x062ce81d3fb56a68d9980267ae0a3254a83cc95e: 10 checking
2023-07-04 01:01:56,333 eth:0x0c6080b2fe8a215d4bc5ee7e8fc1e6768c47b9ad:10 checking
2023-07-04 01:01:56,334 eth:0xacce55c3def1f9af8fdfb9a6c4a1b249063c09ff:10 checking
2023-07-04 01:02:16,168 eth:0x4ef45ea052eeab1631dca09d28946fe8e17633b5: 5 checking
2023-07-04 01:02:17,168 eth:0xaCA93F003ee84D42BEb18882Da5e0ba23aD06881: 0 checking
2023-07-04 01:02:18,168 eth:0xbdc371e089f9fb9e68111a1634e1569a26797322:8 checking
2023-07-04 01:02:19,168 eth:0xacce55c3def1f9af8fdfb9a6c4a1b249063c09ff:10 checking
2023-07-04 01:02:20,169 eth:0xc1fb91068526a87b79c75097a1032b8d70ba393c: 0 checking
2023-07-04 01:06:21,120 eth:0x4ef45ea052eeab1631dca09d28946fe8e17633b5: 5 checking
2023-07-04 01:06:22,121 eth:0xc1fb91068526a87b79c75097a1032b8d70ba393c: 0 checking
2023-07-04 01:06:23,122 eth:0xaCA93F003ee84D42BEb18882Da5e0ba23aD06881: 0 checking
2023-07-04 01:06:24,123 eth:0xc119ada4a8e6d2230304909e4b7f7ed75d2221f5: 5 checking
2023-07-04 01:06:25,123 eth:0x3e57efef507b4db7acfa2ee79ceca6b19e18d106: 0xSun checking
2023-07-04 01:06:29,352 eth:0x0c6080b2fe8a215d4bc5ee7e8fc1e6768c47b9ad:10 checking
2023-07-04 01:06:29,778 eth:0x5ca887615098c6b7409f18502f57538205c768d9:10 checking
2023-07-04 01:06:31,231 eth:0xacce55c3def1f9af8fdfb9a6c4a1b249063c09ff:10 checking
2023-07-04 01:06:32,728 eth:0xea14cde8d7cb82681e11582a7f5d851fab7a34a8:8 checking
2023-07-04 01:06:34,058 eth:0xad94bd19cd23e3390c62fda595c175c4fffdaa68: 5 checking
2023-07-04 01:06:34,285 eth:0xef7ed29516bdeff0076d81a02f28ce4f84a9bec3: 10 checking
2023-07-04 01:06:34,436 eth:0xbdc371e089f9fb9e68111a1634e1569a26797322:8 checking
2023-07-04 01:06:35,824 eth:0x3a834c3eca1a33f5a4e73698bcf042768f3dbfee: 10 checking
2023-07-04 01:06:35,931 eth:0x062ce81d3fb56a68d9980267ae0a3254a83cc95e: 10 checking
2023-07-04 01:06:37,471 eth:0x203950042fe302c42c28b9c96541757072ad172b:10 checking
2023-07-04 01:07:05,338 eth:0x4ef45ea052eeab1631dca09d28946fe8e17633b5: 5 checking
2023-07-04 01:07:05,339 eth:0xc1fb91068526a87b79c75097a1032b8d70ba393c: 0 checking
2023-07-04 01:07:05,340 eth:0xaCA93F003ee84D42BEb18882Da5e0ba23aD06881: 0 checking
2023-07-04 01:07:05,341 eth:0xc119ada4a8e6d2230304909e4b7f7ed75d2221f5: 5 checking
2023-07-04 01:07:05,342 eth:0x3e57efef507b4db7acfa2ee79ceca6b19e18d106: 0xSun checking
2023-07-04 01:08:35,077 eth:0x3a834c3eca1a33f5a4e73698bcf042768f3dbfee: 10 checking
2023-07-04 01:08:36,078 eth:0xef7ed29516bdeff0076d81a02f28ce4f84a9bec3: 10 checking
2023-07-04 01:08:37,079 eth:0x062ce81d3fb56a68d9980267ae0a3254a83cc95e: 10 checking
2023-07-04 01:08:38,080 eth:0x3e57efef507b4db7acfa2ee79ceca6b19e18d106: 0xSun checking
2023-07-04 01:08:39,081 eth:0xea14cde8d7cb82681e11582a7f5d851fab7a34a8:8 checking
2023-07-04 01:08:49,822 eth:0x4ef45ea052eeab1631dca09d28946fe8e17633b5: 5 checking
2023-07-04 01:08:51,031 eth:0xacce55c3def1f9af8fdfb9a6c4a1b249063c09ff:10 checking
2023-07-04 01:08:51,586 eth:0xaCA93F003ee84D42BEb18882Da5e0ba23aD06881: 0 checking
2023-07-04 01:08:54,273 eth:0x203950042fe302c42c28b9c96541757072ad172b:10 checking
2023-07-04 01:08:55,981 eth:0xc119ada4a8e6d2230304909e4b7f7ed75d2221f5: 5 checking
2023-07-04 01:08:57,646 eth:0xc1fb91068526a87b79c75097a1032b8d70ba393c: 0 checking
2023-07-04 01:08:58,242 eth:0x0c6080b2fe8a215d4bc5ee7e8fc1e6768c47b9ad:10 checking
2023-07-04 01:08:59,295 eth:0x5ca887615098c6b7409f18502f57538205c768d9:10 checking
2023-07-04 01:09:03,457 eth:0xbdc371e089f9fb9e68111a1634e1569a26797322:8 checking
2023-07-04 01:09:05,098 eth:0xad94bd19cd23e3390c62fda595c175c4fffdaa68: 5 checking
2023-07-04 01:09:51,611 eth:0x5ca887615098c6b7409f18502f57538205c768d9:10 checking
2023-07-04 01:09:52,613 eth:0x3e57efef507b4db7acfa2ee79ceca6b19e18d106: 0xSun checking
2023-07-04 01:09:53,614 eth:0x062ce81d3fb56a68d9980267ae0a3254a83cc95e: 10 checking
2023-07-04 01:09:54,615 eth:0x3a834c3eca1a33f5a4e73698bcf042768f3dbfee: 10 checking
2023-07-04 01:09:55,615 eth:0xbdc371e089f9fb9e68111a1634e1569a26797322:8 checking
2023-07-04 01:09:59,689 eth:0x4ef45ea052eeab1631dca09d28946fe8e17633b5: 5 checking
2023-07-04 01:10:02,021 eth:0xc119ada4a8e6d2230304909e4b7f7ed75d2221f5: 5 checking
2023-07-04 01:10:03,703 eth:0xef7ed29516bdeff0076d81a02f28ce4f84a9bec3: 10 checking
2023-07-04 01:10:03,725 Wallet:0xbdc371e089f9fb9e68111a1634e1569a26797322
MEMO:8
Behaviour:SELL
Token name:WAP
Chain:ETH
Token Address:0x99c0c957c6dd9e1c1e040c7a56283fa69fdd87ea

2023-07-04 01:10:05,560 eth:0x0c6080b2fe8a215d4bc5ee7e8fc1e6768c47b9ad:10 checking
2023-07-04 01:10:06,663 Wallet:0xbdc371e089f9fb9e68111a1634e1569a26797322
MEMO:8
Behaviour:BUY
Token name:WAP
Chain:ETH
Token Address:0x99c0c957c6dd9e1c1e040c7a56283fa69fdd87ea

2023-07-04 01:10:06,904 Wallet:0x3a834c3eca1a33f5a4e73698bcf042768f3dbfee
MEMO: 10
Behaviour:BUY
Token name:SAUDIHMR
Chain:ETH
Token Address:0x0d407f1f90c4e482ac5bb6449240e7e6a2ad5c01

2023-07-04 01:10:07,273 eth:0xaCA93F003ee84D42BEb18882Da5e0ba23aD06881: 0 checking
2023-07-04 01:10:08,064 Wallet:0xbdc371e089f9fb9e68111a1634e1569a26797322
MEMO:8
Behaviour:BUY
Token name:💎🤲
Chain:ETH
Token Address:0x79ed4adbad14060d4a97fe50881d4e3231376e09

2023-07-04 01:10:08,955 eth:0xea14cde8d7cb82681e11582a7f5d851fab7a34a8:8 checking
2023-07-04 01:10:09,131 Wallet:0x3a834c3eca1a33f5a4e73698bcf042768f3dbfee
MEMO: 10
Behaviour:BUY
Token name:PEPEL
Chain:ETH
Token Address:0xc6b448ee99e208229e75bee43649d32a36f7288b

2023-07-04 01:10:09,487 Wallet:0xbdc371e089f9fb9e68111a1634e1569a26797322
MEMO:8
Behaviour:SELL
Token name:GOOMER
Chain:ETH
Token Address:0x569578b398b0c1297581d0def403aae8a094925c

2023-07-04 01:10:10,481 Wallet:0x3a834c3eca1a33f5a4e73698bcf042768f3dbfee
MEMO: 10
Behaviour:BUY
Token name:KAMALA
Chain:ETH
Token Address:0x29462b74b0491e9603e26fd1a376b90adb0f8979

2023-07-04 01:10:10,864 eth:0xad94bd19cd23e3390c62fda595c175c4fffdaa68: 5 checking
2023-07-04 01:10:11,355 Wallet:0xbdc371e089f9fb9e68111a1634e1569a26797322
MEMO:8
Behaviour:BUY
Token name:GOOMER
Chain:ETH
Token Address:0x569578b398b0c1297581d0def403aae8a094925c

